<?xml version="1.0" encoding="UTF-8"?>
<!-- Generated by org.testng.reporters.JUnitReportReporter -->
<testsuite hostname="Amit-Madeli" failures="0" tests="2" name="runner.TestRunner" time="13.163" errors="0" timestamp="2025-08-21T11:28:24 IST" skipped="0">
  <testcase classname="runner.TestRunner" name="runScenario" time="7.113"/>
  <testcase classname="runner.TestRunner" name="runScenario" time="6.050"/>
</testsuite> <!-- runner.TestRunner -->
