<?xml version="1.0" encoding="UTF-8"?>
<!-- Generated by org.testng.reporters.JUnitReportReporter -->
<testsuite hostname="Amit-Madeli" failures="0" tests="9" name="testcases.NopCommerceTests" time="18.460" errors="0" timestamp="2025-09-10T03:07:35 IST" skipped="0">
  <testcase classname="testcases.NopCommerceTests" name="testLogin" time="2.667"/>
  <testcase classname="testcases.NopCommerceTests" name="testAddDesktopToCart" time="1.700"/>
  <testcase classname="testcases.NopCommerceTests" name="testAddIphoneToWishlist" time="1.510"/>
  <testcase classname="testcases.NopCommerceTests" name="testCompareAndClearBooks" time="6.214"/>
  <testcase classname="testcases.NopCommerceTests" name="testAddFlowerBraceletQuantityTwo" time="1.372"/>
  <testcase classname="testcases.NopCommerceTests" name="testAdidasThenNikeSBZoomWishlist" time="2.718"/>
  <testcase classname="testcases.NopCommerceTests" name="testOpenWishlist" time="0.619"/>
  <testcase classname="testcases.NopCommerceTests" name="testOpenShoppingCart" time="0.823"/>
  <testcase classname="testcases.NopCommerceTests" name="testLogout" time="0.837"/>
</testsuite> <!-- testcases.NopCommerceTests -->
