<?xml version="1.0" encoding="UTF-8"?>
<!-- Generated by org.testng.reporters.JUnitReportReporter -->
<testsuite hostname="Amit-Madeli" failures="0" tests="7" name="day23.WebShopMethodEx1" time="17.526" errors="0" timestamp="2025-08-22T21:45:50 IST" skipped="0">
  <testcase classname="day23.WebShopMethodEx1" name="verifyPage" time="0.008"/>
  <testcase classname="day23.WebShopMethodEx1" name="loginTest" time="1.576"/>
  <testcase classname="day23.WebShopMethodEx1" name="clickApparelsAndShoes" time="0.900"/>
  <testcase classname="day23.WebShopMethodEx1" name="selectProduct" time="13.305"/>
  <testcase classname="day23.WebShopMethodEx1" name="addToCart" time="0.120"/>
  <testcase classname="day23.WebShopMethodEx1" name="shoppingCart" time="0.735"/>
  <testcase classname="day23.WebShopMethodEx1" name="logOut" time="0.882"/>
</testsuite> <!-- day23.WebShopMethodEx1 -->
