<?xml version="1.0" encoding="UTF-8"?>
<!-- Generated by org.testng.reporters.JUnitReportReporter -->
<testsuite hostname="Amit-Madeli" failures="0" tests="2" name="day25.DataProviderExample1" time="20.532" errors="0" timestamp="2025-08-18T08:06:30 IST" skipped="0">
  <testcase classname="day25.DataProviderExample1" name="logIn" time="9.866"/>
  <testcase classname="day25.DataProviderExample1" name="logIn" time="10.666"/>
</testsuite> <!-- day25.DataProviderExample1 -->
