<?xml version="1.0" encoding="UTF-8"?>
<!-- Generated by org.testng.reporters.JUnitReportReporter -->
<testsuite hostname="Amit-Madeli" failures="0" tests="7" name="day23.WebShopMethodEx2" time="11.263" errors="0" timestamp="2025-08-22T21:46:17 IST" skipped="0">
  <testcase classname="day23.WebShopMethodEx2" name="verifyPage" time="0.006"/>
  <testcase classname="day23.WebShopMethodEx2" name="loginTest" time="1.422"/>
  <testcase classname="day23.WebShopMethodEx2" name="clickApparelsAndShoes" time="0.858"/>
  <testcase classname="day23.WebShopMethodEx2" name="selectProduct" time="7.247"/>
  <testcase classname="day23.WebShopMethodEx2" name="addToCart" time="0.122"/>
  <testcase classname="day23.WebShopMethodEx2" name="shoppingCart" time="0.735"/>
  <testcase classname="day23.WebShopMethodEx2" name="logOut" time="0.873"/>
</testsuite> <!-- day23.WebShopMethodEx2 -->
