<?xml version="1.0" encoding="UTF-8"?>
<!-- Generated by org.testng.reporters.JUnitReportReporter -->
<testsuite hostname="Amit-Madeli" failures="0" tests="7" name="day22.WebShopApparelsAndShoes" time="10.053" errors="0" timestamp="2025-08-17T08:42:42 IST" skipped="0">
  <testcase classname="day22.WebShopApparelsAndShoes" name="verifyPage" time="0.008"/>
  <testcase classname="day22.WebShopApparelsAndShoes" name="loginTest" time="1.361"/>
  <testcase classname="day22.WebShopApparelsAndShoes" name="clickApparelsAndShoes" time="0.913"/>
  <testcase classname="day22.WebShopApparelsAndShoes" name="selectProduct" time="6.188"/>
  <testcase classname="day22.WebShopApparelsAndShoes" name="addToCart" time="0.117"/>
  <testcase classname="day22.WebShopApparelsAndShoes" name="shoppingCart" time="0.631"/>
  <testcase classname="day22.WebShopApparelsAndShoes" name="logOut" time="0.835"/>
</testsuite> <!-- day22.WebShopApparelsAndShoes -->
