<?xml version="1.0" encoding="UTF-8"?>
<!-- Generated by org.testng.reporters.JUnitReportReporter -->
<testsuite hostname="Amit-Madeli" failures="0" tests="2" name="day24.DataProviderExample1" time="22.212" errors="0" timestamp="2025-08-22T22:05:26 IST" skipped="0">
  <testcase classname="day24.DataProviderExample1" name="logIn" time="10.349"/>
  <testcase classname="day24.DataProviderExample1" name="logIn" time="11.863"/>
</testsuite> <!-- day24.DataProviderExample1 -->
