<?xml version="1.0" encoding="UTF-8"?>
<!-- Generated by org.testng.reporters.JUnitReportReporter -->
<testsuite hostname="Amit-Madeli" failures="0" tests="7" name="day22.WebShopApparelsAndShoes" time="6.877" errors="0" timestamp="2025-08-16T23:16:44 IST" skipped="0">
  <testcase classname="day22.WebShopApparelsAndShoes" name="verifyPage" time="0.006"/>
  <testcase classname="day22.WebShopApparelsAndShoes" name="loginTest" time="1.512"/>
  <testcase classname="day22.WebShopApparelsAndShoes" name="clickApparelsAndShoes" time="0.886"/>
  <testcase classname="day22.WebShopApparelsAndShoes" name="selectProduct" time="2.639"/>
  <testcase classname="day22.WebShopApparelsAndShoes" name="addToCart" time="0.125"/>
  <testcase classname="day22.WebShopApparelsAndShoes" name="shoppingCart" time="0.835"/>
  <testcase classname="day22.WebShopApparelsAndShoes" name="logOut" time="0.874"/>
</testsuite> <!-- day22.WebShopApparelsAndShoes -->
